INFO     Using precision = torch.float32
INFO     Model is compiled!
INFO     Model has 26840665 parameters
INFO     Train epoch: 0 step: 1 Tokens seen: 256 Train Loss: 11.053749084472656
INFO     Train epoch: 0 step: 2 Tokens seen: 512 Train Loss: 11.114563941955566
INFO     Train epoch: 0 step: 3 Tokens seen: 768 Train Loss: 10.933259963989258
INFO     Train epoch: 0 step: 4 Tokens seen: 1024 Train Loss: 11.045369148254395
INFO     Train epoch: 0 step: 5 Tokens seen: 1280 Train Loss: 11.064374923706055
INFO     Train epoch: 0 step: 6 Tokens seen: 1536 Train Loss: 11.210926055908203
INFO     Using precision = torch.float32
INFO     Model is compiled!
INFO     Model has 26840665 parameters
INFO     Train epoch: 0 step: 1 Tokens seen: 256 Train Loss: 10.956730842590332
INFO     Train epoch: 0 step: 2 Tokens seen: 512 Train Loss: 10.797938346862793
INFO     Train epoch: 0 step: 3 Tokens seen: 768 Train Loss: 10.965543746948242
INFO     Train epoch: 0 step: 4 Tokens seen: 1024 Train Loss: 10.953882217407227
INFO     Train epoch: 0 step: 5 Tokens seen: 1280 Train Loss: 10.961057662963867
INFO     Train epoch: 0 step: 6 Tokens seen: 1536 Train Loss: 10.761881828308105
INFO     Using precision = torch.float32
INFO     Model is compiled!
INFO     Model has 26840665 parameters
INFO     Train epoch: 0 step: 1 Tokens seen: 256 Train Loss: 11.2716064453125
INFO     Train epoch: 0 step: 2 Tokens seen: 512 Train Loss: 11.096535682678223
INFO     Train epoch: 0 step: 3 Tokens seen: 768 Train Loss: 11.035613059997559
INFO     Train epoch: 0 step: 4 Tokens seen: 1024 Train Loss: 11.074780464172363
INFO     Train epoch: 0 step: 5 Tokens seen: 1280 Train Loss: 10.792328834533691
INFO     Train epoch: 0 step: 6 Tokens seen: 1536 Train Loss: 11.001385688781738
INFO     Using precision = torch.float32
INFO     Model is compiled!
INFO     Model has 26840665 parameters
INFO     Using precision = torch.float32
INFO     Model is compiled!
INFO     Model has 26840665 parameters
INFO     Using precision = torch.float32
INFO     Model is compiled!
INFO     Model has 26893504 parameters
INFO     Train epoch: 0 step: 1 Tokens seen: 256 Train Loss: 10.882261276245117
INFO     Train epoch: 0 step: 2 Tokens seen: 512 Train Loss: 11.019414901733398
INFO     Train epoch: 0 step: 3 Tokens seen: 768 Train Loss: 10.914206504821777
INFO     Train epoch: 0 step: 4 Tokens seen: 1024 Train Loss: 10.95837116241455
INFO     Train epoch: 0 step: 5 Tokens seen: 1280 Train Loss: 10.955501556396484
INFO     Train epoch: 0 step: 6 Tokens seen: 1536 Train Loss: 11.011290550231934
INFO     Train epoch: 0 step: 7 Tokens seen: 1792 Train Loss: 10.999858856201172
INFO     Train epoch: 0 step: 8 Tokens seen: 2048 Train Loss: 10.886495590209961
INFO     Train epoch: 0 step: 9 Tokens seen: 2304 Train Loss: 10.870769500732422
INFO     Train epoch: 0 step: 10 Tokens seen: 2560 Train Loss: 10.90875244140625
INFO     Train epoch: 0 step: 11 Tokens seen: 2816 Train Loss: 11.044804573059082
INFO     Train epoch: 0 step: 12 Tokens seen: 3072 Train Loss: 10.877908706665039
INFO     Train epoch: 0 step: 13 Tokens seen: 3328 Train Loss: 10.827352523803711
INFO     Train epoch: 0 step: 14 Tokens seen: 3584 Train Loss: 10.89820671081543
INFO     Train epoch: 0 step: 15 Tokens seen: 3840 Train Loss: 10.945429801940918
INFO     Train epoch: 0 step: 16 Tokens seen: 4096 Train Loss: 10.915336608886719
INFO     Train epoch: 0 step: 17 Tokens seen: 4352 Train Loss: 10.947785377502441
INFO     Train epoch: 0 step: 18 Tokens seen: 4608 Train Loss: 10.70189094543457
INFO     Train epoch: 0 step: 19 Tokens seen: 4864 Train Loss: 10.822782516479492
INFO     Train epoch: 0 step: 20 Tokens seen: 5120 Train Loss: 10.795807838439941
INFO     Train epoch: 0 step: 21 Tokens seen: 5376 Train Loss: 10.928770065307617
INFO     Train epoch: 0 step: 22 Tokens seen: 5632 Train Loss: 10.865924835205078
INFO     Train epoch: 0 step: 23 Tokens seen: 5888 Train Loss: 10.841900825500488
INFO     Train epoch: 0 step: 24 Tokens seen: 6144 Train Loss: 10.85055160522461
INFO     Train epoch: 0 step: 25 Tokens seen: 6400 Train Loss: 10.661043167114258
INFO     Train epoch: 0 step: 26 Tokens seen: 6656 Train Loss: 10.841645240783691
INFO     Train epoch: 0 step: 27 Tokens seen: 6912 Train Loss: 10.88331413269043
INFO     Train epoch: 0 step: 28 Tokens seen: 7168 Train Loss: 10.689126014709473
INFO     Train epoch: 0 step: 29 Tokens seen: 7424 Train Loss: 10.880420684814453
INFO     Train epoch: 0 step: 30 Tokens seen: 7680 Train Loss: 10.830941200256348
INFO     Train epoch: 0 step: 31 Tokens seen: 7936 Train Loss: 10.985325813293457
INFO     Train epoch: 0 step: 32 Tokens seen: 8192 Train Loss: 10.679101943969727
INFO     Train epoch: 0 step: 33 Tokens seen: 8448 Train Loss: 10.857023239135742
INFO     Train epoch: 0 step: 34 Tokens seen: 8704 Train Loss: 10.767664909362793
INFO     Train epoch: 0 step: 35 Tokens seen: 8960 Train Loss: 10.655866622924805
INFO     Train epoch: 0 step: 36 Tokens seen: 9216 Train Loss: 10.64114761352539
INFO     Train epoch: 0 step: 37 Tokens seen: 9472 Train Loss: 10.802435874938965
INFO     Train epoch: 0 step: 38 Tokens seen: 9728 Train Loss: 10.862839698791504
INFO     Train epoch: 0 step: 39 Tokens seen: 9984 Train Loss: 10.872357368469238
INFO     Train epoch: 0 step: 40 Tokens seen: 10240 Train Loss: 10.812782287597656
INFO     Train epoch: 0 step: 41 Tokens seen: 10496 Train Loss: 10.698319435119629
INFO     Train epoch: 0 step: 42 Tokens seen: 10752 Train Loss: 10.673543930053711
INFO     Train epoch: 0 step: 43 Tokens seen: 11008 Train Loss: 10.73681640625
INFO     Using precision = torch.float32
INFO     Model is compiled!
INFO     Model has 26893504 parameters
INFO     Train epoch: 0 step: 1 Tokens seen: 256 Train Loss: 11.06775188446045
INFO     Train epoch: 0 step: 2 Tokens seen: 512 Train Loss: 11.105461120605469
INFO     Train epoch: 0 step: 3 Tokens seen: 768 Train Loss: 11.002249717712402
INFO     Train epoch: 0 step: 4 Tokens seen: 1024 Train Loss: 11.106563568115234
INFO     Train epoch: 0 step: 5 Tokens seen: 1280 Train Loss: 11.061182022094727
INFO     Train epoch: 0 step: 6 Tokens seen: 1536 Train Loss: 10.861788749694824
INFO     Train epoch: 0 step: 7 Tokens seen: 1792 Train Loss: 10.924007415771484
INFO     Train epoch: 0 step: 8 Tokens seen: 2048 Train Loss: 10.931485176086426
INFO     Train epoch: 0 step: 9 Tokens seen: 2304 Train Loss: 10.826790809631348
INFO     Train epoch: 0 step: 10 Tokens seen: 2560 Train Loss: 10.810758590698242
INFO     Train epoch: 0 step: 11 Tokens seen: 2816 Train Loss: 10.866915702819824
INFO     Train epoch: 0 step: 12 Tokens seen: 3072 Train Loss: 10.86864185333252
INFO     Train epoch: 0 step: 13 Tokens seen: 3328 Train Loss: 10.92945671081543
INFO     Train epoch: 0 step: 14 Tokens seen: 3584 Train Loss: 11.127406120300293
INFO     Train epoch: 0 step: 15 Tokens seen: 3840 Train Loss: 10.892086029052734
INFO     Eval Step: 15 Tokens seen: 3840 Val Loss : 10.934142174079405
INFO     Train epoch: 0 step: 16 Tokens seen: 4096 Train Loss: 11.026154518127441
INFO     Train epoch: 0 step: 17 Tokens seen: 4352 Train Loss: 11.03818416595459
INFO     Train epoch: 0 step: 18 Tokens seen: 4608 Train Loss: 10.847251892089844
INFO     Train epoch: 0 step: 19 Tokens seen: 4864 Train Loss: 10.931543350219727
INFO     Train epoch: 0 step: 20 Tokens seen: 5120 Train Loss: 11.012222290039062
INFO     Train epoch: 0 step: 21 Tokens seen: 5376 Train Loss: 10.842341423034668
INFO     Train epoch: 0 step: 22 Tokens seen: 5632 Train Loss: 10.76786994934082
INFO     Train epoch: 0 step: 23 Tokens seen: 5888 Train Loss: 10.987651824951172
INFO     Train epoch: 0 step: 24 Tokens seen: 6144 Train Loss: 10.910263061523438
INFO     Train epoch: 0 step: 25 Tokens seen: 6400 Train Loss: 10.698715209960938
INFO     Train epoch: 0 step: 26 Tokens seen: 6656 Train Loss: 10.920098304748535
INFO     Train epoch: 0 step: 27 Tokens seen: 6912 Train Loss: 10.808648109436035
INFO     Train epoch: 0 step: 28 Tokens seen: 7168 Train Loss: 10.827336311340332
INFO     Train epoch: 0 step: 29 Tokens seen: 7424 Train Loss: 10.701326370239258
INFO     Train epoch: 0 step: 30 Tokens seen: 7680 Train Loss: 10.829684257507324
INFO     Eval Step: 30 Tokens seen: 7680 Val Loss : 10.833493043107596
INFO     Train epoch: 0 step: 31 Tokens seen: 7936 Train Loss: 10.9210786819458
INFO     Train epoch: 0 step: 32 Tokens seen: 8192 Train Loss: 10.97668170928955
INFO     Train epoch: 0 step: 33 Tokens seen: 8448 Train Loss: 10.816579818725586
INFO     Train epoch: 0 step: 34 Tokens seen: 8704 Train Loss: 10.659727096557617
INFO     Train epoch: 0 step: 35 Tokens seen: 8960 Train Loss: 10.81165885925293
INFO     Train epoch: 0 step: 36 Tokens seen: 9216 Train Loss: 10.788959503173828
INFO     Train epoch: 0 step: 37 Tokens seen: 9472 Train Loss: 10.750788688659668
INFO     Train epoch: 0 step: 38 Tokens seen: 9728 Train Loss: 10.909399032592773
INFO     Train epoch: 0 step: 39 Tokens seen: 9984 Train Loss: 10.925371170043945
INFO     Train epoch: 0 step: 40 Tokens seen: 10240 Train Loss: 10.731691360473633
INFO     Train epoch: 0 step: 41 Tokens seen: 10496 Train Loss: 10.849570274353027
INFO     Train epoch: 0 step: 42 Tokens seen: 10752 Train Loss: 10.758180618286133
INFO     Train epoch: 0 step: 43 Tokens seen: 11008 Train Loss: 10.811711311340332
INFO     Train epoch: 0 step: 44 Tokens seen: 11264 Train Loss: 10.650877952575684
INFO     Train epoch: 0 step: 45 Tokens seen: 11520 Train Loss: 10.492252349853516
INFO     Eval Step: 45 Tokens seen: 11520 Val Loss : 10.73663812492326
INFO     Train epoch: 0 step: 46 Tokens seen: 11776 Train Loss: 10.737135887145996
INFO     Train epoch: 0 step: 47 Tokens seen: 12032 Train Loss: 10.83035945892334
INFO     Train epoch: 0 step: 48 Tokens seen: 12288 Train Loss: 10.705403327941895
INFO     Train epoch: 0 step: 49 Tokens seen: 12544 Train Loss: 10.617585182189941
INFO     Train epoch: 0 step: 50 Tokens seen: 12800 Train Loss: 10.77810001373291
INFO     Train epoch: 0 step: 51 Tokens seen: 13056 Train Loss: 10.707673072814941
INFO     Train epoch: 0 step: 52 Tokens seen: 13312 Train Loss: 10.63121509552002
INFO     Train epoch: 0 step: 53 Tokens seen: 13568 Train Loss: 10.509095191955566
INFO     Train epoch: 0 step: 54 Tokens seen: 13824 Train Loss: 10.769111633300781
INFO     Train epoch: 0 step: 55 Tokens seen: 14080 Train Loss: 10.834705352783203
INFO     Train epoch: 0 step: 56 Tokens seen: 14336 Train Loss: 10.622377395629883
INFO     Train epoch: 0 step: 57 Tokens seen: 14592 Train Loss: 10.787663459777832
INFO     Train epoch: 0 step: 58 Tokens seen: 14848 Train Loss: 10.594045639038086
INFO     Train epoch: 0 step: 59 Tokens seen: 15104 Train Loss: 10.582681655883789
INFO     Train epoch: 0 step: 60 Tokens seen: 15360 Train Loss: 10.683584213256836
INFO     Eval Step: 60 Tokens seen: 15360 Val Loss : 10.653704609787255
INFO     Train epoch: 0 step: 61 Tokens seen: 15616 Train Loss: 10.627276420593262
INFO     Train epoch: 0 step: 62 Tokens seen: 15872 Train Loss: 10.66104793548584
INFO     Train epoch: 0 step: 63 Tokens seen: 16128 Train Loss: 10.534117698669434
INFO     Train epoch: 0 step: 64 Tokens seen: 16384 Train Loss: 10.619260787963867
INFO     Train epoch: 0 step: 65 Tokens seen: 16640 Train Loss: 10.904996871948242
INFO     Train epoch: 0 step: 66 Tokens seen: 16896 Train Loss: 10.588330268859863
INFO     Train epoch: 0 step: 67 Tokens seen: 17152 Train Loss: 10.562033653259277
INFO     Train epoch: 0 step: 68 Tokens seen: 17408 Train Loss: 10.703327178955078
INFO     Train epoch: 0 step: 69 Tokens seen: 17664 Train Loss: 10.466192245483398
INFO     Train epoch: 0 step: 70 Tokens seen: 17920 Train Loss: 10.789336204528809
INFO     Train epoch: 0 step: 71 Tokens seen: 18176 Train Loss: 10.680464744567871
INFO     Train epoch: 0 step: 72 Tokens seen: 18432 Train Loss: 10.657522201538086
INFO     Train epoch: 0 step: 73 Tokens seen: 18688 Train Loss: 10.580925941467285
INFO     Train epoch: 0 step: 74 Tokens seen: 18944 Train Loss: 10.641167640686035
INFO     Train epoch: 0 step: 75 Tokens seen: 19200 Train Loss: 10.509793281555176
INFO     Using precision = torch.float32
INFO     Model is compiled!
INFO     Model has 26893504 parameters
INFO     Train epoch: 0 step: 1 Tokens seen: 256 Train Loss: 10.923563957214355
INFO     Train epoch: 0 step: 2 Tokens seen: 512 Train Loss: 10.916854858398438
INFO     Train epoch: 0 step: 3 Tokens seen: 768 Train Loss: 10.994013786315918
INFO     Train epoch: 0 step: 4 Tokens seen: 1024 Train Loss: 10.783881187438965
INFO     Train epoch: 0 step: 5 Tokens seen: 1280 Train Loss: 11.023598670959473
INFO     Train epoch: 0 step: 6 Tokens seen: 1536 Train Loss: 11.00881290435791
INFO     Train epoch: 0 step: 7 Tokens seen: 1792 Train Loss: 10.947476387023926
INFO     Train epoch: 0 step: 8 Tokens seen: 2048 Train Loss: 10.85650634765625
INFO     Train epoch: 0 step: 9 Tokens seen: 2304 Train Loss: 10.901875495910645
INFO     Train epoch: 0 step: 10 Tokens seen: 2560 Train Loss: 11.003016471862793
INFO     Train epoch: 0 step: 11 Tokens seen: 2816 Train Loss: 11.200814247131348
INFO     Train epoch: 0 step: 12 Tokens seen: 3072 Train Loss: 10.885855674743652
INFO     Train epoch: 0 step: 13 Tokens seen: 3328 Train Loss: 10.88326358795166
INFO     Train epoch: 0 step: 14 Tokens seen: 3584 Train Loss: 10.991320610046387
INFO     Train epoch: 0 step: 15 Tokens seen: 3840 Train Loss: 10.876810073852539
INFO     Eval Step: 15 Tokens seen: 3840 Val Loss : 10.907721525047258
INFO     Train epoch: 0 step: 16 Tokens seen: 4096 Train Loss: 10.872533798217773
INFO     Train epoch: 0 step: 17 Tokens seen: 4352 Train Loss: 10.874670028686523
INFO     Train epoch: 0 step: 18 Tokens seen: 4608 Train Loss: 11.058653831481934
INFO     Train epoch: 0 step: 19 Tokens seen: 4864 Train Loss: 11.04739761352539
INFO     Train epoch: 0 step: 20 Tokens seen: 5120 Train Loss: 10.703465461730957
INFO     Train epoch: 0 step: 21 Tokens seen: 5376 Train Loss: 10.66174602508545
INFO     Train epoch: 0 step: 22 Tokens seen: 5632 Train Loss: 10.503067016601562
INFO     Train epoch: 0 step: 23 Tokens seen: 5888 Train Loss: 10.807955741882324
INFO     Train epoch: 0 step: 24 Tokens seen: 6144 Train Loss: 11.031401634216309
INFO     Train epoch: 0 step: 25 Tokens seen: 6400 Train Loss: 10.850132942199707
INFO     Train epoch: 0 step: 26 Tokens seen: 6656 Train Loss: 10.735136985778809
INFO     Train epoch: 0 step: 27 Tokens seen: 6912 Train Loss: 10.783286094665527
INFO     Train epoch: 0 step: 28 Tokens seen: 7168 Train Loss: 11.063998222351074
INFO     Train epoch: 0 step: 29 Tokens seen: 7424 Train Loss: 10.843962669372559
INFO     Train epoch: 0 step: 30 Tokens seen: 7680 Train Loss: 10.897890090942383
INFO     Eval Step: 30 Tokens seen: 7680 Val Loss : 10.830122613070303
INFO     Train epoch: 0 step: 31 Tokens seen: 7936 Train Loss: 10.78230094909668
INFO     Train epoch: 0 step: 32 Tokens seen: 8192 Train Loss: 10.770593643188477
INFO     Train epoch: 0 step: 33 Tokens seen: 8448 Train Loss: 10.812152862548828
INFO     Train epoch: 0 step: 34 Tokens seen: 8704 Train Loss: 10.83460521697998
INFO     Train epoch: 0 step: 35 Tokens seen: 8960 Train Loss: 10.843655586242676
INFO     Train epoch: 0 step: 36 Tokens seen: 9216 Train Loss: 10.77507495880127
INFO     Train epoch: 0 step: 37 Tokens seen: 9472 Train Loss: 10.65256404876709
INFO     Train epoch: 0 step: 38 Tokens seen: 9728 Train Loss: 10.715130805969238
INFO     Train epoch: 0 step: 39 Tokens seen: 9984 Train Loss: 10.738883972167969
INFO     Train epoch: 0 step: 40 Tokens seen: 10240 Train Loss: 10.70723819732666
INFO     Train epoch: 0 step: 41 Tokens seen: 10496 Train Loss: 10.766281127929688
INFO     Train epoch: 0 step: 42 Tokens seen: 10752 Train Loss: 10.689102172851562
INFO     Train epoch: 0 step: 43 Tokens seen: 11008 Train Loss: 10.858426094055176
INFO     Train epoch: 0 step: 44 Tokens seen: 11264 Train Loss: 10.665423393249512
INFO     Train epoch: 0 step: 45 Tokens seen: 11520 Train Loss: 10.587656021118164
INFO     Eval Step: 45 Tokens seen: 11520 Val Loss : 10.737537925006354
INFO     Train epoch: 0 step: 46 Tokens seen: 11776 Train Loss: 10.908851623535156
INFO     Train epoch: 0 step: 47 Tokens seen: 12032 Train Loss: 10.76486873626709
INFO     Train epoch: 0 step: 48 Tokens seen: 12288 Train Loss: 10.702187538146973
INFO     Train epoch: 0 step: 49 Tokens seen: 12544 Train Loss: 10.578630447387695
INFO     Train epoch: 0 step: 50 Tokens seen: 12800 Train Loss: 10.822522163391113
INFO     Train epoch: 0 step: 51 Tokens seen: 13056 Train Loss: 10.588582992553711
INFO     Train epoch: 0 step: 52 Tokens seen: 13312 Train Loss: 10.792414665222168
INFO     Train epoch: 0 step: 53 Tokens seen: 13568 Train Loss: 10.768941879272461
INFO     Train epoch: 0 step: 54 Tokens seen: 13824 Train Loss: 10.83654499053955
INFO     Train epoch: 0 step: 55 Tokens seen: 14080 Train Loss: 10.772854804992676
INFO     Train epoch: 0 step: 56 Tokens seen: 14336 Train Loss: 10.752225875854492
INFO     Train epoch: 0 step: 57 Tokens seen: 14592 Train Loss: 10.657102584838867
INFO     Train epoch: 0 step: 58 Tokens seen: 14848 Train Loss: 10.621286392211914
INFO     Train epoch: 0 step: 59 Tokens seen: 15104 Train Loss: 10.593661308288574
INFO     Train epoch: 0 step: 60 Tokens seen: 15360 Train Loss: 10.857681274414062
INFO     Eval Step: 60 Tokens seen: 15360 Val Loss : 10.614408660353275
INFO     Train epoch: 0 step: 61 Tokens seen: 15616 Train Loss: 10.527889251708984
INFO     Train epoch: 0 step: 62 Tokens seen: 15872 Train Loss: 10.463031768798828
INFO     Train epoch: 0 step: 63 Tokens seen: 16128 Train Loss: 10.453875541687012
INFO     Train epoch: 0 step: 64 Tokens seen: 16384 Train Loss: 10.61879825592041
INFO     Train epoch: 0 step: 65 Tokens seen: 16640 Train Loss: 10.51543140411377
INFO     Train epoch: 0 step: 66 Tokens seen: 16896 Train Loss: 10.657079696655273
INFO     Train epoch: 0 step: 67 Tokens seen: 17152 Train Loss: 10.481416702270508
INFO     Train epoch: 0 step: 68 Tokens seen: 17408 Train Loss: 10.61146354675293
INFO     Train epoch: 0 step: 69 Tokens seen: 17664 Train Loss: 10.432079315185547
INFO     Train epoch: 0 step: 70 Tokens seen: 17920 Train Loss: 10.436052322387695
INFO     Train epoch: 0 step: 71 Tokens seen: 18176 Train Loss: 10.513399124145508
INFO     Train epoch: 0 step: 72 Tokens seen: 18432 Train Loss: 10.572829246520996
INFO     Train epoch: 0 step: 73 Tokens seen: 18688 Train Loss: 10.448052406311035
INFO     Train epoch: 0 step: 74 Tokens seen: 18944 Train Loss: 10.558677673339844
INFO     Train epoch: 0 step: 75 Tokens seen: 19200 Train Loss: 10.468503952026367
INFO     Eval Step: 75 Tokens seen: 19200 Val Loss : 10.553017337419833
INFO     Train epoch: 0 step: 76 Tokens seen: 19456 Train Loss: 10.494791030883789
INFO     Train epoch: 0 step: 77 Tokens seen: 19712 Train Loss: 10.587128639221191
INFO     Train epoch: 0 step: 78 Tokens seen: 19968 Train Loss: 10.494105339050293
INFO     Train epoch: 0 step: 79 Tokens seen: 20224 Train Loss: 10.534932136535645
INFO     Train epoch: 0 step: 80 Tokens seen: 20480 Train Loss: 10.565704345703125
INFO     Train epoch: 0 step: 81 Tokens seen: 20736 Train Loss: 10.510316848754883
INFO     Train epoch: 0 step: 82 Tokens seen: 20992 Train Loss: 10.455666542053223
INFO     Train epoch: 0 step: 83 Tokens seen: 21248 Train Loss: 10.401188850402832
INFO     Train epoch: 0 step: 84 Tokens seen: 21504 Train Loss: 10.231169700622559
INFO     Train epoch: 0 step: 85 Tokens seen: 21760 Train Loss: 10.428252220153809
INFO     Train epoch: 0 step: 86 Tokens seen: 22016 Train Loss: 10.449539184570312
INFO     Train epoch: 0 step: 87 Tokens seen: 22272 Train Loss: 10.43738842010498
INFO     Train epoch: 0 step: 88 Tokens seen: 22528 Train Loss: 10.626248359680176
INFO     Train epoch: 0 step: 89 Tokens seen: 22784 Train Loss: 10.329352378845215
INFO     Train epoch: 0 step: 90 Tokens seen: 23040 Train Loss: 10.568841934204102
INFO     Eval Step: 90 Tokens seen: 23040 Val Loss : 10.44084484256499
INFO     Train epoch: 0 step: 91 Tokens seen: 23296 Train Loss: 10.6780424118042
INFO     Train epoch: 0 step: 92 Tokens seen: 23552 Train Loss: 10.512434959411621
INFO     Train epoch: 0 step: 93 Tokens seen: 23808 Train Loss: 10.328171730041504
INFO     Train epoch: 0 step: 94 Tokens seen: 24064 Train Loss: 10.466184616088867
INFO     Train epoch: 0 step: 95 Tokens seen: 24320 Train Loss: 10.460600852966309
INFO     Train epoch: 0 step: 96 Tokens seen: 24576 Train Loss: 10.297181129455566
INFO     Train epoch: 0 step: 97 Tokens seen: 24832 Train Loss: 10.46772575378418
INFO     Train epoch: 0 step: 98 Tokens seen: 25088 Train Loss: 10.392321586608887
INFO     Train epoch: 0 step: 99 Tokens seen: 25344 Train Loss: 10.223203659057617
INFO     Train epoch: 0 step: 100 Tokens seen: 25600 Train Loss: 10.23294448852539
INFO     Checkpoint Saved | Train loss: 10.23294448852539 | Eval loss: 10.44084484256499
INFO     Train epoch: 0 step: 101 Tokens seen: 25856 Train Loss: 10.486989974975586
INFO     Train epoch: 0 step: 102 Tokens seen: 26112 Train Loss: 10.439309120178223
INFO     Train epoch: 0 step: 103 Tokens seen: 26368 Train Loss: 10.381806373596191
INFO     Train epoch: 0 step: 104 Tokens seen: 26624 Train Loss: 10.376314163208008
INFO     Train epoch: 0 step: 105 Tokens seen: 26880 Train Loss: 10.422501564025879
INFO     Eval Step: 105 Tokens seen: 26880 Val Loss : 10.342707165500574
INFO     Train epoch: 0 step: 106 Tokens seen: 27136 Train Loss: 10.27904987335205
INFO     Train epoch: 0 step: 107 Tokens seen: 27392 Train Loss: 10.424764633178711
INFO     Train epoch: 0 step: 108 Tokens seen: 27648 Train Loss: 10.330377578735352
INFO     Train epoch: 0 step: 109 Tokens seen: 27904 Train Loss: 10.294947624206543
INFO     Train epoch: 0 step: 110 Tokens seen: 28160 Train Loss: 10.477742195129395
INFO     Train epoch: 0 step: 111 Tokens seen: 28416 Train Loss: 10.504404067993164
INFO     Train epoch: 0 step: 112 Tokens seen: 28672 Train Loss: 10.43014907836914
INFO     Train epoch: 0 step: 113 Tokens seen: 28928 Train Loss: 10.280189514160156
INFO     Train epoch: 0 step: 114 Tokens seen: 29184 Train Loss: 10.269418716430664
INFO     Train epoch: 0 step: 115 Tokens seen: 29440 Train Loss: 10.412373542785645
INFO     Train epoch: 0 step: 116 Tokens seen: 29696 Train Loss: 10.43128490447998
INFO     Train epoch: 0 step: 117 Tokens seen: 29952 Train Loss: 10.4196138381958
INFO     Train epoch: 0 step: 118 Tokens seen: 30208 Train Loss: 10.126893997192383
INFO     Train epoch: 0 step: 119 Tokens seen: 30464 Train Loss: 10.234576225280762
INFO     Train epoch: 0 step: 120 Tokens seen: 30720 Train Loss: 10.1716890335083
INFO     Eval Step: 120 Tokens seen: 30720 Val Loss : 10.225633816412318
INFO     Train epoch: 0 step: 121 Tokens seen: 30976 Train Loss: 10.205432891845703
INFO     Train epoch: 0 step: 122 Tokens seen: 31232 Train Loss: 10.363140106201172
INFO     Train epoch: 0 step: 123 Tokens seen: 31488 Train Loss: 10.374363899230957
INFO     Train epoch: 0 step: 124 Tokens seen: 31744 Train Loss: 10.066753387451172
INFO     Train epoch: 0 step: 125 Tokens seen: 32000 Train Loss: 10.05791187286377
INFO     Train epoch: 0 step: 126 Tokens seen: 32256 Train Loss: 10.130481719970703
INFO     Train epoch: 0 step: 127 Tokens seen: 32512 Train Loss: 10.235011100769043
INFO     Train epoch: 0 step: 128 Tokens seen: 32768 Train Loss: 10.381987571716309
INFO     Train epoch: 0 step: 129 Tokens seen: 33024 Train Loss: 10.295464515686035
INFO     Train epoch: 0 step: 130 Tokens seen: 33280 Train Loss: 10.356927871704102
INFO     Train epoch: 0 step: 131 Tokens seen: 33536 Train Loss: 10.07241153717041
INFO     Train epoch: 0 step: 132 Tokens seen: 33792 Train Loss: 10.316329002380371
INFO     Train epoch: 0 step: 133 Tokens seen: 34048 Train Loss: 10.101511001586914
INFO     Train epoch: 0 step: 134 Tokens seen: 34304 Train Loss: 10.054267883300781
INFO     Train epoch: 0 step: 135 Tokens seen: 34560 Train Loss: 10.15916633605957
INFO     Eval Step: 135 Tokens seen: 34560 Val Loss : 10.164748426069293
INFO     Train epoch: 0 step: 136 Tokens seen: 34816 Train Loss: 10.161410331726074
INFO     Train epoch: 0 step: 137 Tokens seen: 35072 Train Loss: 10.247379302978516
INFO     Train epoch: 0 step: 138 Tokens seen: 35328 Train Loss: 10.292984008789062
INFO     Train epoch: 0 step: 139 Tokens seen: 35584 Train Loss: 10.176365852355957
INFO     Train epoch: 0 step: 140 Tokens seen: 35840 Train Loss: 9.978730201721191
INFO     Train epoch: 0 step: 141 Tokens seen: 36096 Train Loss: 10.263972282409668
INFO     Train epoch: 0 step: 142 Tokens seen: 36352 Train Loss: 10.074790954589844
INFO     Train epoch: 0 step: 143 Tokens seen: 36608 Train Loss: 10.138731956481934
INFO     Train epoch: 0 step: 144 Tokens seen: 36864 Train Loss: 9.796530723571777
INFO     Train epoch: 0 step: 145 Tokens seen: 37120 Train Loss: 10.187368392944336
INFO     Train epoch: 0 step: 146 Tokens seen: 37376 Train Loss: 10.010101318359375
INFO     Train epoch: 0 step: 147 Tokens seen: 37632 Train Loss: 10.12973690032959
INFO     Train epoch: 0 step: 148 Tokens seen: 37888 Train Loss: 10.142000198364258
INFO     Train epoch: 0 step: 149 Tokens seen: 38144 Train Loss: 10.039834022521973
INFO     Train epoch: 0 step: 150 Tokens seen: 38400 Train Loss: 10.20763111114502
INFO     Eval Step: 150 Tokens seen: 38400 Val Loss : 10.07799892537078
INFO     Train epoch: 0 step: 151 Tokens seen: 38656 Train Loss: 10.053282737731934
INFO     Train epoch: 0 step: 152 Tokens seen: 38912 Train Loss: 9.92480754852295
INFO     Train epoch: 0 step: 153 Tokens seen: 39168 Train Loss: 10.138752937316895
INFO     Train epoch: 0 step: 154 Tokens seen: 39424 Train Loss: 10.160660743713379
INFO     Train epoch: 0 step: 155 Tokens seen: 39680 Train Loss: 10.053985595703125
INFO     Train epoch: 0 step: 156 Tokens seen: 39936 Train Loss: 10.014010429382324
INFO     Train epoch: 0 step: 157 Tokens seen: 40192 Train Loss: 10.311286926269531
INFO     Train epoch: 0 step: 158 Tokens seen: 40448 Train Loss: 10.038244247436523
INFO     Train epoch: 0 step: 159 Tokens seen: 40704 Train Loss: 9.951801300048828
INFO     Train epoch: 0 step: 160 Tokens seen: 40960 Train Loss: 10.117814064025879
INFO     Train epoch: 0 step: 161 Tokens seen: 41216 Train Loss: 9.887619972229004
INFO     Train epoch: 0 step: 162 Tokens seen: 41472 Train Loss: 9.826762199401855
INFO     Train epoch: 0 step: 163 Tokens seen: 41728 Train Loss: 10.23539924621582
INFO     Train epoch: 0 step: 164 Tokens seen: 41984 Train Loss: 9.98185920715332
INFO     Train epoch: 0 step: 165 Tokens seen: 42240 Train Loss: 9.990978240966797
INFO     Eval Step: 165 Tokens seen: 42240 Val Loss : 9.966930539984451
INFO     Train epoch: 0 step: 166 Tokens seen: 42496 Train Loss: 9.922494888305664
INFO     Train epoch: 0 step: 167 Tokens seen: 42752 Train Loss: 10.046767234802246
INFO     Train epoch: 0 step: 168 Tokens seen: 43008 Train Loss: 9.740499496459961
INFO     Train epoch: 0 step: 169 Tokens seen: 43264 Train Loss: 10.027125358581543
INFO     Train epoch: 0 step: 170 Tokens seen: 43520 Train Loss: 9.96313762664795
INFO     Train epoch: 0 step: 171 Tokens seen: 43648 Train Loss: 9.623224258422852
INFO     Epoch 0 ended with train loss 10.469626108805338 validation loss 9.966930539984451
INFO     Using precision = torch.float32
INFO     Model is compiled!
INFO     Model has 26893504 parameters
INFO     Train epoch: 0 step: 1 Tokens seen: 256 Train Loss: 11.117398262023926
INFO     Train epoch: 0 step: 2 Tokens seen: 512 Train Loss: 10.919320106506348
INFO     Train epoch: 0 step: 3 Tokens seen: 768 Train Loss: 10.982963562011719
INFO     Train epoch: 0 step: 4 Tokens seen: 1024 Train Loss: 10.94403076171875
INFO     Train epoch: 0 step: 5 Tokens seen: 1280 Train Loss: 10.863643646240234
INFO     Train epoch: 0 step: 6 Tokens seen: 1536 Train Loss: 11.009635925292969
INFO     Train epoch: 0 step: 7 Tokens seen: 1792 Train Loss: 11.147003173828125
INFO     Train epoch: 0 step: 8 Tokens seen: 2048 Train Loss: 10.933843612670898
INFO     Train epoch: 0 step: 9 Tokens seen: 2304 Train Loss: 10.877793312072754
INFO     Train epoch: 0 step: 10 Tokens seen: 2560 Train Loss: 10.867199897766113
INFO     Train epoch: 0 step: 11 Tokens seen: 2816 Train Loss: 10.7966947555542
INFO     Train epoch: 0 step: 12 Tokens seen: 3072 Train Loss: 10.881763458251953
INFO     Train epoch: 0 step: 13 Tokens seen: 3328 Train Loss: 11.056037902832031
INFO     Train epoch: 0 step: 14 Tokens seen: 3584 Train Loss: 10.979875564575195
INFO     Train epoch: 0 step: 15 Tokens seen: 3840 Train Loss: 10.901904106140137
INFO     Eval Step: 15 Tokens seen: 3840 Val Loss : 10.915407437330101
INFO     Train epoch: 0 step: 16 Tokens seen: 4096 Train Loss: 10.813456535339355
INFO     Train epoch: 0 step: 17 Tokens seen: 4352 Train Loss: 11.035882949829102
INFO     Train epoch: 0 step: 18 Tokens seen: 4608 Train Loss: 10.860957145690918
INFO     Train epoch: 0 step: 19 Tokens seen: 4864 Train Loss: 10.950061798095703
INFO     Train epoch: 0 step: 20 Tokens seen: 5120 Train Loss: 10.894501686096191
INFO     Train epoch: 0 step: 21 Tokens seen: 5376 Train Loss: 10.870847702026367
INFO     Train epoch: 0 step: 22 Tokens seen: 5632 Train Loss: 10.810898780822754
INFO     Train epoch: 0 step: 23 Tokens seen: 5888 Train Loss: 10.777308464050293
INFO     Train epoch: 0 step: 24 Tokens seen: 6144 Train Loss: 10.817063331604004
INFO     Train epoch: 0 step: 25 Tokens seen: 6400 Train Loss: 10.76282024383545
INFO     Train epoch: 0 step: 26 Tokens seen: 6656 Train Loss: 10.998443603515625
INFO     Train epoch: 0 step: 27 Tokens seen: 6912 Train Loss: 10.86257266998291
INFO     Train epoch: 0 step: 28 Tokens seen: 7168 Train Loss: 10.972416877746582
INFO     Train epoch: 0 step: 29 Tokens seen: 7424 Train Loss: 10.940929412841797
INFO     Train epoch: 0 step: 30 Tokens seen: 7680 Train Loss: 10.944608688354492
INFO     Eval Step: 30 Tokens seen: 7680 Val Loss : 10.822777525026199
INFO     Train epoch: 0 step: 31 Tokens seen: 7936 Train Loss: 10.843618392944336
INFO     Train epoch: 0 step: 32 Tokens seen: 8192 Train Loss: 10.817130088806152
INFO     Train epoch: 0 step: 33 Tokens seen: 8448 Train Loss: 10.837374687194824
INFO     Train epoch: 0 step: 34 Tokens seen: 8704 Train Loss: 10.640040397644043
INFO     Train epoch: 0 step: 35 Tokens seen: 8960 Train Loss: 10.835094451904297
INFO     Train epoch: 0 step: 36 Tokens seen: 9216 Train Loss: 10.848280906677246
INFO     Train epoch: 0 step: 37 Tokens seen: 9472 Train Loss: 10.72144603729248
INFO     Train epoch: 0 step: 38 Tokens seen: 9728 Train Loss: 10.84839916229248
INFO     Train epoch: 0 step: 39 Tokens seen: 9984 Train Loss: 10.737800598144531
INFO     Train epoch: 0 step: 40 Tokens seen: 10240 Train Loss: 10.781702995300293
INFO     Train epoch: 0 step: 41 Tokens seen: 10496 Train Loss: 10.670528411865234
INFO     Train epoch: 0 step: 42 Tokens seen: 10752 Train Loss: 10.723581314086914
INFO     Train epoch: 0 step: 43 Tokens seen: 11008 Train Loss: 10.851801872253418
INFO     Train epoch: 0 step: 44 Tokens seen: 11264 Train Loss: 10.654661178588867
INFO     Train epoch: 0 step: 45 Tokens seen: 11520 Train Loss: 10.687958717346191
